[2024-11-19T03:14:28.494Z] info: POST /api/auth/signin
[2024-11-19T03:18:54.540Z] info: POST /api/auth/signin
[2024-11-19T03:18:59.472Z] info: POST /api/category
[2024-11-19T03:19:59.179Z] info: POST /api/category
[2024-11-19T03:20:22.266Z] info: POST /api/product
[2024-11-19T03:20:40.523Z] info: GET /api/product
[2024-11-19T03:24:50.886Z] info: POST /api/product
[2024-11-19T03:24:55.287Z] info: GET /api/product
[2024-11-19T03:25:13.979Z] info: GET /api/category
[2024-11-19T03:25:48.067Z] info: POST /api/product
[2024-11-19T03:45:10.572Z] info: POST /api/product
[2024-11-19T03:47:30.558Z] info: POST /api/product
[2024-11-19T03:50:55.631Z] info: PATCH /api/product/31
[2024-11-19T03:52:42.788Z] info: PATCH /api/product/31
[2024-11-19T03:52:56.547Z] info: PATCH /api/product/31
[2024-11-19T03:53:59.803Z] info: PATCH /api/product/1
[2024-11-19T03:55:32.288Z] info: PATCH /api/product/1
[2024-11-19T03:55:32.413Z] info: undefined
[2024-11-19T03:55:49.577Z] info: PATCH /api/product/1
[2024-11-19T03:55:49.640Z] info: undefined
[2024-11-19T03:56:12.263Z] info: PATCH /api/product/1
[2024-11-19T03:56:12.388Z] info: undefined
[2024-11-19T03:57:12.609Z] info: PATCH /api/product/1
[2024-11-19T03:57:12.663Z] info: undefined
[2024-11-19T03:57:18.333Z] info: PATCH /api/product/1
[2024-11-19T03:57:18.338Z] info: undefined
[2024-11-19T03:57:38.681Z] info: PATCH /api/product/1
[2024-11-19T03:57:38.802Z] info: [object Object]
[2024-11-19T03:57:58.198Z] info: PATCH /api/product/1
[2024-11-19T03:57:58.323Z] info: undefined
[2024-11-19T03:58:38.248Z] info: PATCH /api/product/1
[2024-11-19T03:58:38.464Z] info: undefined
[2024-11-19T03:59:00.204Z] info: PATCH /api/product/1
[2024-11-19T03:59:00.255Z] info: undefined
[2024-11-19T03:59:14.618Z] info: PATCH /api/product/1
[2024-11-19T03:59:14.742Z] info: undefined
[2024-11-19T03:59:22.425Z] info: PATCH /api/product/1
[2024-11-19T03:59:22.552Z] info: undefined
[2024-11-19T03:59:30.104Z] info: PATCH /api/product/1
[2024-11-19T03:59:30.111Z] info: undefined
[2024-11-19T03:59:50.404Z] info: PATCH /api/product/1
[2024-11-19T03:59:50.530Z] info: undefined
[2024-11-19T04:00:22.631Z] info: PATCH /api/product/1
[2024-11-19T04:00:22.680Z] info: undefined
[2024-11-19T04:00:50.646Z] info: PATCH /api/product/1
[2024-11-19T04:00:50.771Z] info: undefined
[2024-11-19T04:01:06.715Z] info: PATCH /api/product/1
[2024-11-19T04:01:06.760Z] info: 1,2,3
[2024-11-19T04:01:46.100Z] info: PATCH /api/product/1
[2024-11-19T04:01:46.229Z] info: [object Object]
[2024-11-19T04:02:20.299Z] info: PATCH /api/product/1
[2024-11-19T04:02:20.433Z] info: undefined
[2024-11-19T04:02:34.806Z] info: PATCH /api/product/1
[2024-11-19T04:02:34.929Z] info: undefined
[2024-11-19T04:02:42.354Z] info: PATCH /api/product/1
[2024-11-19T04:02:42.480Z] info: 1,2,3
[2024-11-19T04:03:22.176Z] info: PATCH /api/product/1
[2024-11-19T04:03:22.296Z] info: object
[2024-11-19T04:04:57.492Z] info: PATCH /api/product/1
[2024-11-19T04:04:57.617Z] info: 1,2,3
[2024-11-19T04:07:36.255Z] info: PATCH /api/product/1
[2024-11-19T04:07:54.242Z] info: PATCH /api/product/1
[2024-11-19T04:07:54.361Z] info: object
[2024-11-19T04:08:41.322Z] info: PATCH /api/product/1
[2024-11-19T04:08:41.370Z] info: object
[2024-11-19T04:08:44.504Z] info: PATCH /api/product/1
[2024-11-19T04:08:44.626Z] info: object
[2024-11-19T04:11:23.673Z] info: POST /api/product
[2024-11-19T04:11:35.281Z] info: POST /api/product
[2024-11-19T04:11:35.436Z] info: 
[2024-11-19T04:11:45.216Z] info: POST /api/product
[2024-11-19T04:11:45.223Z] info: [1,2,3]
[2024-11-19T04:12:06.222Z] info: POST /api/product
[2024-11-19T04:12:06.294Z] info: [1,2,3]
[2024-11-19T04:12:15.142Z] info: POST /api/product
[2024-11-19T04:12:15.149Z] info: 1,2,3
[2024-11-19T04:12:25.198Z] info: POST /api/product
[2024-11-19T04:12:25.316Z] info: string
[2024-11-19T04:17:07.921Z] info: POST /api/product
[2024-11-19T04:17:08.044Z] info: undefined
[2024-11-19T04:17:21.519Z] info: POST /api/product
[2024-11-19T04:17:41.241Z] info: POST /api/product
[2024-11-19T04:19:36.548Z] info: POST /api/product
[2024-11-19T04:23:19.205Z] info: POST /api/product
[2024-11-19T04:23:36.412Z] info: POST /api/product
[2024-11-19T04:24:14.248Z] info: POST /api/product
[2024-11-19T04:24:14.368Z] info: undefined
[2024-11-19T04:24:36.496Z] info: POST /api/product
[2024-11-19T04:24:36.610Z] info: object
[2024-11-19T04:27:51.141Z] info: POST /api/product
[2024-11-19T04:27:51.270Z] info: {
    "title": "Nama Produk",
    "price": 10000,
    "shortDescription": "Desc",
    "description": "Description",
    "productUrl": "url",
    "categoryIds": [1, 2, 3]
}
[2024-11-19T04:29:08.313Z] info: POST /api/product
[2024-11-19T04:29:08.436Z] info: {
    "title": "Nama Produk",
    "price": 10000,
    "shortDescription": "Desc",
    "description": "Description",
    "productUrl": "url",
    "categoryIds": [1, 2, 3]
}
[2024-11-19T04:29:55.862Z] info: POST /api/product
[2024-11-19T04:29:55.980Z] info: [object Object]
[2024-11-19T04:30:08.168Z] info: POST /api/product
[2024-11-19T04:30:19.015Z] info: POST /api/product
[2024-11-19T04:31:45.401Z] info: POST /api/product
[2024-11-19T04:31:45.631Z] info: undefined
[2024-11-19T04:32:07.146Z] info: POST /api/product
[2024-11-19T04:35:21.720Z] info: POST /api/product
[2024-11-19T04:35:21.851Z] info: object
[2024-11-19T04:36:29.157Z] info: POST /api/product
[2024-11-19T04:36:29.214Z] info: object
[2024-11-19T04:36:55.567Z] info: POST /api/product
[2024-11-19T04:36:55.617Z] info: object
[2024-11-19T04:37:19.263Z] info: POST /api/product
[2024-11-19T04:37:19.313Z] info: object
[2024-11-19T04:37:39.501Z] info: POST /api/product
[2024-11-19T04:37:39.625Z] info: object
[2024-11-19T04:40:27.139Z] info: POST /api/product
[2024-11-19T04:40:30.997Z] info: GET /api/product
[2024-11-19T04:43:41.816Z] info: POST /api/product
[2024-11-19T04:44:04.951Z] info: GET /api/product
[2024-11-19T04:45:27.189Z] info: POST /api/product
[2024-11-19T04:45:49.034Z] info: POST /api/product
[2024-11-19T04:45:49.211Z] info: [object SequelizeInstance:category]
[2024-11-19T04:45:57.422Z] info: POST /api/product
[2024-11-19T04:45:57.573Z] info: 1
[2024-11-19T04:46:24.013Z] info: POST /api/product
[2024-11-19T04:46:48.693Z] info: POST /api/product
[2024-11-19T04:46:51.782Z] info: GET /api/product
[2024-11-19T04:47:03.076Z] info: GET /api/product
[2024-11-19T04:47:18.863Z] info: POST /api/product
[2024-11-19T04:47:21.095Z] info: GET /api/product
[2024-11-19T04:49:19.695Z] info: POST /api/product
[2024-11-19T04:49:34.054Z] info: GET /api/product
[2024-11-19T04:49:56.260Z] info: POST /api/product
[2024-11-19T04:50:46.036Z] info: POST /api/product
[2024-11-19T04:51:02.138Z] info: POST /api/product
[2024-11-19T05:26:26.619Z] info: GET /api/product
[2024-11-19T05:27:33.348Z] info: POST /api/product
[2024-11-19T05:27:49.530Z] info: POST /api/product
[2024-11-19T05:30:37.765Z] info: POST /api/product
[2024-11-19T05:31:04.120Z] info: POST /api/product
[2024-11-19T05:31:04.269Z] info: [object SequelizeInstance:category]
[2024-11-19T05:31:38.309Z] info: POST /api/product
[2024-11-19T05:31:38.467Z] info: [object SequelizeInstance:category]
[2024-11-19T05:32:14.613Z] info: POST /api/product
[2024-11-19T05:32:14.770Z] info: [object SequelizeInstance:category]
[2024-11-19T05:32:14.778Z] info: 
[2024-11-19T05:32:14.780Z] info: 
[2024-11-19T05:33:16.948Z] info: POST /api/product
[2024-11-19T05:33:17.098Z] info: [object SequelizeInstance:category]
[2024-11-19T05:34:42.177Z] info: POST /api/product
[2024-11-19T05:34:42.348Z] info: [object SequelizeInstance:category]
[2024-11-19T05:35:32.269Z] info: POST /api/product
[2024-11-19T05:35:32.419Z] info: 
[2024-11-19T05:36:09.531Z] info: POST /api/product
[2024-11-19T05:36:09.690Z] info: [object SequelizeInstance:category]
[2024-11-19T05:38:01.646Z] info: POST /api/product
[2024-11-19T05:38:07.210Z] info: POST /api/product
[2024-11-19T05:38:10.460Z] info: GET /api/product
[2024-11-19T05:38:40.951Z] info: POST /api/product
[2024-11-19T05:38:49.068Z] info: POST /api/product
[2024-11-19T05:39:51.086Z] info: POST /api/product
[2024-11-19T05:39:54.310Z] info: GET /api/product
[2024-11-19T05:40:00.261Z] info: POST /api/product
[2024-11-19T05:40:03.511Z] info: GET /api/product
[2024-11-19T05:40:48.648Z] info: POST /api/product
[2024-11-19T05:40:51.059Z] info: GET /api/product
[2024-11-19T05:43:13.027Z] info: POST /api/product
[2024-11-19T05:43:22.359Z] info: POST /api/category
[2024-11-19T05:43:24.912Z] info: POST /api/product
[2024-11-19T05:43:29.887Z] info: GET /api/product
[2024-11-19T06:28:00.598Z] info: DELETE /api/product
[2024-11-19T06:28:09.607Z] info: GET /api/product
[2024-11-19T06:28:17.498Z] info: GET /api/product
[2024-11-19T06:28:43.327Z] info: GET /api/product
[2024-11-19T06:28:49.635Z] info: GET /api/product
[2024-11-19T06:28:50.274Z] info: GET /api/product
[2024-11-19T06:28:51.011Z] info: GET /api/product
[2024-11-19T06:28:53.151Z] info: DELETE /api/product
[2024-11-19T06:29:41.224Z] info: DELETE /api/product
[2024-11-19T06:30:06.360Z] info: DELETE /api/product
[2024-11-19T06:30:25.855Z] info: DELETE /api/product
[2024-11-19T06:30:52.701Z] info: DELETE /api/product
[2024-11-19T06:32:01.306Z] info: DELETE /api/product
[2024-11-19T06:32:16.223Z] info: DELETE /api/product
[2024-11-19T06:32:21.433Z] info: GET /api/product
[2024-11-19T06:32:23.439Z] info: DELETE /api/product
[2024-11-19T06:47:32.077Z] info: DELETE /api/product
[2024-11-19T06:50:53.831Z] info: GET /api/category
[2024-11-19T06:51:01.065Z] info: GET /api/product
[2024-11-19T06:51:05.934Z] info: POST /api/product
[2024-11-19T06:51:08.470Z] info: GET /api/product
[2024-11-19T06:51:23.532Z] info: DELETE /api/product
[2024-11-19T06:51:52.709Z] info: DELETE /api/product
[2024-11-19T06:52:16.429Z] info: POST /api/product
[2024-11-19T06:52:19.002Z] info: GET /api/product
[2024-11-19T06:52:23.201Z] info: DELETE /api/product
[2024-11-19T06:53:54.111Z] info: POST /api/product
[2024-11-19T06:53:57.223Z] info: GET /api/product
[2024-11-19T06:54:23.752Z] info: DELETE /api/product
[2024-11-19T06:54:29.147Z] info: GET /api/product
[2024-11-19T06:55:20.586Z] info: POST /api/product
[2024-11-19T06:55:26.655Z] info: GET /api/product
[2024-11-19T06:55:37.014Z] info: DELETE /api/product
[2024-11-19T07:18:21.431Z] info: POST /api/product
[2024-11-19T07:18:24.534Z] info: POST /api/product
[2024-11-19T07:18:33.670Z] info: DELETE /api/product
[2024-11-19T07:18:37.413Z] info: GET /api/product
[2024-11-19T07:20:57.702Z] info: POST /api/product
[2024-11-19T07:21:02.384Z] info: GET /api/product
[2024-11-19T07:21:14.385Z] info: DELETE /api/product
[2024-11-19T07:21:50.071Z] info: DELETE /api/product
[2024-11-19T07:21:57.609Z] info: GET /api/product
[2024-11-19T07:22:02.181Z] info: POST /api/product
[2024-11-19T07:22:11.173Z] info: DELETE /api/product
[2024-11-19T07:23:51.418Z] info: POST /api/product
[2024-11-19T07:23:58.749Z] info: DELETE /api/product
[2024-11-19T07:25:46.797Z] info: POST /api/auth/signin
[2024-11-19T07:25:53.954Z] info: POST /api/auth/signup
[2024-11-19T07:25:56.130Z] info: POST /api/auth/signin
[2024-11-19T07:26:12.899Z] info: POST /api/product
[2024-11-19T07:26:15.755Z] info: GET /api/product
[2024-11-19T07:26:23.157Z] info: POST /api/category
[2024-11-19T07:26:27.669Z] info: GET /api/category
[2024-11-19T07:26:34.918Z] info: POST /api/product
[2024-11-19T07:26:37.744Z] info: GET /api/product
[2024-11-19T07:27:58.297Z] info: DELETE /api/product
[2024-11-19T07:28:02.016Z] info: GET /api/product
[2024-11-19T07:29:38.138Z] info: POST /api/product
[2024-11-19T07:29:40.975Z] info: POST /api/product
[2024-11-19T07:29:42.461Z] info: DELETE /api/product
[2024-11-19T07:29:46.086Z] info: GET /api/product
[2024-11-19T08:03:02.603Z] info: POST /api/product
[2024-11-19T08:04:30.320Z] info: GET /api/product
[2024-11-19T08:06:38.275Z] info: POST /api/product
[2024-11-19T08:07:27.470Z] info: POST /api/product
[2024-11-19T08:08:36.664Z] info: POST /api/product
[2024-11-19T08:09:27.872Z] info: POST /api/product
[2024-11-19T08:20:01.890Z] info: POST /api/product
[2024-11-19T08:20:20.337Z] info: POST /api/product
[2024-11-19T08:20:30.853Z] info: POST /api/product
[2024-11-19T08:22:15.262Z] info: POST /api/product
[2024-11-19T08:22:26.057Z] info: POST /api/product
[2024-11-19T08:23:19.466Z] info: POST /api/category
[2024-11-19T08:23:23.856Z] info: POST /api/product
[2024-11-19T08:23:29.659Z] info: GET /api/product
[2024-11-19T08:41:44.732Z] info: DELETE /api/product
[2024-11-19T08:42:43.855Z] info: POST /api/auth/signup
[2024-11-19T08:43:04.195Z] info: POST /api/category
[2024-11-19T08:43:07.027Z] info: POST /api/category
[2024-11-19T08:43:12.064Z] info: POST /api/product
[2024-11-19T08:43:15.281Z] info: GET /api/product
[2024-11-19T08:43:43.260Z] info: PATCH /api/product/1
[2024-11-19T08:43:46.711Z] info: GET /api/product
[2024-11-19T08:44:16.607Z] info: POST /api/product
[2024-11-19T08:45:11.588Z] info: POST /api/product
[2024-11-19T08:45:17.774Z] info: GET /api/product
[2024-11-19T08:45:31.369Z] info: POST /api/product
[2024-11-19T08:45:33.734Z] info: GET /api/product
[2024-11-19T08:46:25.828Z] info: DELETE /api/product
[2024-11-19T08:48:49.946Z] info: POST /api/product
[2024-11-19T08:48:52.858Z] info: GET /api/product
[2024-11-19T08:49:11.839Z] info: GET /api/product
[2024-11-19T08:49:11.989Z] info: GET /favicon.ico
[2024-11-19T08:49:35.780Z] info: GET /api/product
[2024-11-19T08:49:47.153Z] info: GET /api/product
[2024-11-19T08:49:50.023Z] info: GET /api/product
[2024-11-19T08:50:09.506Z] info: GET /api/product
[2024-11-19T08:52:04.116Z] info: GET /api/product
[2024-11-19T08:52:07.609Z] info: GET /api/product
[2024-11-19T08:53:37.136Z] info: GET /api/product
[2024-11-19T08:54:01.833Z] info: GET /api/product
[2024-11-19T08:54:40.800Z] info: GET /api/product
[2024-11-19T08:55:05.802Z] info: GET /api/product
[2024-11-19T08:55:07.516Z] info: GET /api/product/1
[2024-11-19T08:55:13.780Z] info: GET /api/product/4
[2024-11-19T08:56:47.694Z] info: GET /api/product/
[2024-11-19T09:09:37.528Z] info: POST /api/product
[2024-11-19T09:09:51.252Z] info: POST /api/product
[2024-11-19T09:09:58.304Z] info: POST /api/product
[2024-11-19T09:10:06.243Z] info: POST /api/product
[2024-11-19T09:10:21.091Z] info: POST /api/product
[2024-11-19T09:10:25.919Z] info: GET /api/product
[2024-11-19T09:10:32.959Z] info: POST /api/product
[2024-11-19T09:11:59.068Z] info: POST /api/product
[2024-11-19T09:12:01.950Z] info: GET /api/product
[2024-11-19T09:12:12.886Z] info: GET /api/product
[2024-11-19T09:12:24.027Z] info: GET /api/product/5
[2024-11-19T09:12:34.708Z] info: DELETE /api/product
[2024-11-19T09:12:37.722Z] info: POST /api/product
[2024-11-19T09:12:56.038Z] info: POST /api/product
[2024-11-19T09:12:59.209Z] info: GET /api/product
[2024-11-19T09:13:05.603Z] info: GET /api/product/1
[2024-11-19T09:17:29.583Z] info: DELETE /api/product
[2024-11-19T09:17:32.538Z] info: POST /api/product
[2024-11-19T09:18:24.857Z] info: POST /api/product
[2024-11-19T09:18:28.961Z] info: GET /api/product
[2024-11-19T09:19:56.789Z] info: DELETE /api/product
[2024-11-19T09:19:59.664Z] info: POST /api/product
[2024-11-19T09:20:06.657Z] info: GET /api/product
[2024-11-19T09:20:32.372Z] info: DELETE /api/product
[2024-11-19T09:20:34.884Z] info: POST /api/product
[2024-11-19T09:20:37.377Z] info: GET /api/product
[2024-11-19T09:22:02.946Z] info: DELETE /api/product
[2024-11-19T09:22:06.519Z] info: POST /api/product
[2024-11-19T09:22:09.478Z] info: GET /api/product
[2024-11-19T09:22:16.299Z] info: GET /api/product/10
[2024-11-19T09:22:43.527Z] info: GET /api/product/
[2024-11-19T09:22:55.600Z] info: POST /api/product
[2024-11-19T09:22:56.957Z] info: GET /api/product/
[2024-11-19T09:23:09.425Z] info: GET /api/product/10
[2024-11-19T09:25:53.077Z] info: GET /api/product
[2024-11-19T09:26:00.060Z] info: PATCH /api/product/10
[2024-11-19T09:26:57.974Z] info: PATCH /api/product/10
[2024-11-19T09:29:13.317Z] info: PATCH /api/product/10
[2024-11-19T09:29:27.512Z] info: PATCH /api/product/10
[2024-11-19T09:29:44.552Z] info: PATCH /api/product/10
[2024-11-19T09:29:47.960Z] info: GET /api/product
[2024-11-19T09:31:23.035Z] info: DELETE /api/product
[2024-11-19T09:31:25.849Z] info: POST /api/product
[2024-11-19T09:31:35.191Z] info: PATCH /api/product/12
[2024-11-19T09:33:07.217Z] info: PATCH /api/product/12
[2024-11-19T09:33:27.674Z] info: PATCH /api/product/12
[2024-11-19T09:33:44.533Z] info: PATCH /api/product/12
[2024-11-19T09:33:51.327Z] info: PATCH /api/product/12
[2024-11-19T09:35:42.445Z] info: PATCH /api/product/12
[2024-11-19T09:36:26.020Z] info: PATCH /api/product/12
[2024-11-19T09:36:30.870Z] info: GET /api/product
[2024-11-19T09:37:05.675Z] info: PATCH /api/product/12
[2024-11-19T09:37:23.416Z] info: PATCH /api/product/12
[2024-11-19T09:38:21.693Z] info: PATCH /api/product/12
[2024-11-19T09:49:09.824Z] info: DELETE /api/product
[2024-11-19T09:49:14.635Z] info: GET /api/product
[2024-11-19T09:49:19.684Z] info: POST /api/product
[2024-11-19T09:49:24.028Z] info: GET /api/product
[2024-11-19T09:49:35.159Z] info: PATCH /api/product/12
[2024-11-19T10:03:59.865Z] info: DELETE /api/product
[2024-11-19T10:04:03.291Z] info: POST /api/product
[2024-11-19T10:04:12.131Z] info: PATCH /api/product/12
[2024-11-19T10:04:17.861Z] info: PATCH /api/product/12
[2024-11-19T10:04:27.576Z] info: PATCH /api/product/14
[2024-11-19T10:04:49.788Z] info: GET /api/product
[2024-11-19T10:07:15.784Z] info: DELETE /api/product
[2024-11-19T10:07:18.947Z] info: POST /api/product
[2024-11-19T10:07:24.832Z] info: PATCH /api/product/15
[2024-11-19T10:08:39.609Z] info: DELETE /api/product
[2024-11-19T10:08:42.719Z] info: POST /api/product
[2024-11-19T10:08:46.853Z] info: PATCH /api/product/16
[2024-11-19T10:09:55.113Z] info: DELETE /api/product
[2024-11-19T10:09:58.606Z] info: POST /api/product
[2024-11-19T10:10:05.370Z] info: PATCH /api/product/17
[2024-11-19T10:11:29.492Z] info: DELETE /api/product
[2024-11-19T10:11:32.554Z] info: POST /api/product
[2024-11-19T10:11:40.139Z] info: PATCH /api/product/18
[2024-11-19T10:12:54.176Z] info: PATCH /api/product/18
[2024-11-19T10:12:57.960Z] info: DELETE /api/product
[2024-11-19T10:13:04.567Z] info: POST /api/product
[2024-11-19T10:13:08.927Z] info: PATCH /api/product/19
[2024-11-19T10:13:13.630Z] info: GET /api/product
[2024-11-19T10:15:05.032Z] info: PATCH /api/product/19
[2024-11-19T10:16:24.145Z] info: GET /api/product
[2024-11-19T10:16:31.013Z] info: PATCH /api/product/19
[2024-11-19T10:16:34.840Z] info: GET /api/product
[2024-11-19T10:16:43.928Z] info: PATCH /api/product/19
[2024-11-19T10:16:46.458Z] info: GET /api/product
[2024-11-19T10:16:53.940Z] info: PATCH /api/product/19
[2024-11-19T10:16:58.457Z] info: GET /api/product
[2024-11-19T10:19:50.712Z] info: DELETE /api/product
[2024-11-19T10:19:53.987Z] info: POST /api/product
[2024-11-19T10:20:03.793Z] info: PATCH /api/product/20
[2024-11-19T10:20:06.459Z] info: GET /api/product
[2024-11-19T10:23:51.343Z] info: GET /api/product/
[2024-11-20T13:37:25.231Z] info: POST /api/auth/signin
[2024-11-20T13:37:53.992Z] info: POST /api/product
[2024-11-20T13:38:15.979Z] info: PATCH /api/product/21
[2024-11-20T13:38:22.658Z] info: DELETE /api/product
[2024-11-20T13:39:20.387Z] info: POST /api/product
[2024-11-20T13:39:29.794Z] info: PATCH /api/product/22
[2024-11-20T13:39:33.645Z] info: DELETE /api/product
[2024-11-20T13:42:28.572Z] info: POST /api/product
[2024-11-20T13:42:37.155Z] info: DELETE /api/product
[2024-11-20T13:55:29.676Z] info: POST /api/auth/signin
[2024-11-20T13:56:52.243Z] info: POST /api/auth/signin
[2024-11-20T13:57:03.679Z] info: POST /api/auth/signin
[2024-11-20T13:57:16.166Z] info: POST /api/auth/signin
[2024-11-20T13:59:53.780Z] info: POST /api/auth/signin
[2024-11-20T13:59:58.253Z] info: POST /api/auth/signin
[2024-11-20T14:00:36.308Z] info: POST /api/auth/signin
[2024-11-20T14:01:32.541Z] info: POST /api/auth/signin
[2024-11-20T14:01:51.191Z] info: POST /api/auth/signin
[2024-11-20T14:01:53.320Z] info: POST /api/auth/signin
[2024-11-20T14:02:34.164Z] info: POST /api/auth/signin
[2024-11-20T14:03:07.090Z] info: POST /api/auth/signin
[2024-11-20T14:03:11.211Z] info: POST /api/auth/signin
[2024-12-10T07:11:05.700Z] info: POST /api/order
[2024-12-10T07:11:39.844Z] info: POST /api/auth/signup
[2024-12-10T07:11:49.743Z] info: POST /api/order
[2024-12-10T07:12:04.013Z] info: POST /api/auth/signup
[2024-12-10T07:12:16.711Z] info: POST /api/auth/signup
[2024-12-10T07:12:24.566Z] info: POST /api/order
[2024-12-10T07:17:21.395Z] info: POST /api/order
[2024-12-10T07:17:27.982Z] info: POST /api/order
[2024-12-10T07:20:02.502Z] info: GET /api/order
[2024-12-10T07:20:35.542Z] info: GET /api/order
[2024-12-10T07:21:04.118Z] info: GET /api/order
[2024-12-10T07:21:10.188Z] info: GET /api/order
[2024-12-10T07:22:41.736Z] info: GET /api/order/1
[2024-12-10T07:22:46.974Z] info: GET /api/order/2
[2024-12-10T07:25:51.871Z] info: PATCH /api/order/1
[2024-12-10T07:26:03.653Z] info: PATCH /api/order/1
[2024-12-10T07:26:10.063Z] info: PATCH /api/order/1
[2024-12-10T07:26:57.701Z] info: PATCH /api/order/1
[2024-12-10T07:27:24.348Z] info: GET /api/order
[2024-12-10T07:27:41.333Z] info: PATCH /api/order/1
[2024-12-10T07:27:43.181Z] info: GET /api/order
[2024-12-10T07:28:01.364Z] info: PATCH /api/order/1
[2024-12-10T07:28:03.826Z] info: GET /api/order/1
[2024-12-10T07:28:07.688Z] info: GET /api/order
[2024-12-10T07:28:13.209Z] info: GET /api/order/1
[2024-12-10T07:28:17.653Z] info: PATCH /api/order/1
[2024-12-10T07:28:25.877Z] info: GET /api/order/1
[2024-12-10T07:29:47.751Z] info: DELETE /api/order
[2024-12-10T07:29:58.743Z] info: DELETE /api/order
[2024-12-10T07:30:45.960Z] info: DELETE /api/order
[2024-12-10T07:31:15.571Z] info: DELETE /api/order
[2024-12-10T07:31:17.087Z] info: GET /api/order
[2024-12-10T07:31:40.278Z] info: DELETE /api/order
[2024-12-10T07:32:50.968Z] info: DELETE /api/order
[2024-12-10T07:33:36.255Z] info: DELETE /api/order
[2024-12-10T07:34:08.957Z] info: DELETE /api/order
[2024-12-10T07:34:17.399Z] info: DELETE /api/order
[2024-12-10T07:34:40.340Z] info: DELETE /api/order
[2024-12-10T07:34:54.488Z] info: DELETE /api/order
[2024-12-10T07:34:59.591Z] info: DELETE /api/order
[2024-12-10T07:35:17.508Z] info: DELETE /api/order
[2024-12-10T07:35:30.724Z] info: DELETE /api/order
[2024-12-10T07:35:41.365Z] info: DELETE /api/order
[2024-12-10T07:35:56.072Z] info: DELETE /api/order
[2024-12-10T07:36:01.788Z] info: DELETE /api/order
[2024-12-10T07:36:04.239Z] info: GET /api/order
[2024-12-10T07:36:34.245Z] info: DELETE /api/order
[2024-12-10T07:36:55.613Z] info: DELETE /api/order
[2024-12-10T07:37:05.696Z] info: DELETE /api/order
[2024-12-10T07:37:13.856Z] info: DELETE /api/order
[2024-12-10T07:37:31.450Z] info: DELETE /api/order
[2024-12-10T07:37:38.214Z] info: DELETE /api/order
[2024-12-10T07:37:43.824Z] info: DELETE /api/order
[2024-12-10T07:37:49.537Z] info: GET /api/order
[2024-12-10T07:41:41.023Z] info: DELETE /api/order
[2024-12-10T07:41:55.885Z] info: DELETE /api/order
[2024-12-10T07:42:16.870Z] info: DELETE /api/order
[2024-12-10T07:42:24.351Z] info: DELETE /api/order
[2024-12-10T07:42:37.135Z] info: DELETE /api/order
[2024-12-10T07:42:42.577Z] info: DELETE /api/order
[2024-12-10T07:42:57.224Z] info: DELETE /api/order
[2024-12-10T07:43:03.198Z] info: DELETE /api/order
[2024-12-10T07:43:09.914Z] info: DELETE /api/order
[2024-12-10T07:43:21.848Z] info: DELETE /api/order
[2024-12-10T07:43:37.882Z] info: DELETE /api/order
[2024-12-10T07:43:46.267Z] info: DELETE /api/order
[2024-12-10T07:43:52.503Z] info: POST /api/order
[2024-12-10T07:43:54.073Z] info: DELETE /api/order
[2024-12-10T07:45:20.238Z] info: POST /api/order
[2024-12-10T07:45:28.086Z] info: DELETE /api/order/5
[2024-12-10T07:45:34.879Z] info: DELETE /api/order/5
[2024-12-10T07:45:46.600Z] info: DELETE /api/order/5
[2024-12-10T07:46:02.291Z] info: DELETE /api/order/5
[2024-12-10T07:46:07.522Z] info: DELETE /api/order/5
[2024-12-10T07:46:33.844Z] info: DELETE /api/order/5
[2024-12-10T07:46:36.700Z] info: GET /api/order
[2024-12-10T07:46:39.955Z] info: GET /api/order/1
[2024-12-10T07:46:42.449Z] info: GET /api/order
[2025-01-02T06:09:50.455Z] info: POST /api/user
[2025-01-02T06:09:58.646Z] info: POST /api/auth/signin
[2025-01-02T06:12:26.387Z] info: POST /api/auth/signin
[2025-01-02T06:12:44.264Z] info: POST /api/auth/signin
[2025-01-02T06:16:58.634Z] info: POST /api/auth/signin
[2025-01-02T06:17:00.925Z] info: POST /api/auth/signin
[2025-01-02T06:17:03.167Z] info: POST /api/auth/signin
[2025-01-02T06:17:51.613Z] info: POST /api/auth/signin
[2025-01-02T06:18:04.698Z] info: POST /api/user
[2025-01-02T06:18:16.932Z] info: GET /api/user
[2025-01-02T06:18:27.010Z] info: GET /api/user
[2025-01-02T06:18:40.558Z] info: GET /api/user
[2025-01-02T06:18:43.661Z] info: POST /api/user
[2025-01-02T06:18:47.732Z] info: GET /api/user
[2025-01-02T06:18:54.612Z] info: GET /api/user/1
[2025-01-02T06:19:57.554Z] info: POST /api/user
[2025-01-02T06:20:04.723Z] info: GET /api/user
[2025-01-02T06:20:23.185Z] info: PATCH /api/category/2
[2025-01-02T06:20:28.655Z] info: PATCH /api/user/2
[2025-01-02T06:20:31.168Z] info: GET /api/user
[2025-01-02T06:20:42.081Z] info: PATCH /api/user/2
[2025-01-02T06:20:45.883Z] info: PATCH /api/user/2
[2025-01-02T06:20:47.944Z] info: GET /api/user
[2025-01-02T06:20:51.412Z] info: PATCH /api/user/2
[2025-01-02T06:20:55.145Z] info: PATCH /api/user/2
[2025-01-02T06:21:11.391Z] info: PATCH /api/user/2
[2025-01-02T06:22:32.722Z] info: DELETE /api/user
[2025-01-02T06:22:38.688Z] info: DELETE /api/user
[2025-01-02T06:23:10.622Z] info: DELETE /api/user
[2025-01-02T06:23:20.424Z] info: DELETE /api/user/2
[2025-01-02T06:25:15.344Z] info: DELETE /api/user
[2025-01-02T06:25:25.002Z] info: DELETE /api/user/2
[2025-01-02T06:26:31.907Z] info: DELETE /api/user
[2025-01-02T06:26:35.287Z] info: GET /api/user
[2025-01-02T06:26:37.865Z] info: POST /api/user
[2025-01-02T06:26:39.326Z] info: GET /api/user
[2025-01-02T06:26:44.187Z] info: GET /api/user
[2025-01-02T06:26:48.820Z] info: POST /api/user
[2025-01-02T06:27:06.935Z] info: POST /api/user
[2025-01-02T06:27:09.261Z] info: GET /api/user
[2025-01-02T06:27:18.857Z] info: DELETE /api/user/5
[2025-01-02T06:27:22.744Z] info: GET /api/user
[2025-01-02T06:34:00.723Z] info: GET /api/user
[2025-05-21T13:19:16.958Z] info: Server running on http://localhost:3000 in development mode
[2025-05-21T13:19:35.946Z] info: Server running on http://localhost:3000 in development mode
[2025-05-21T13:20:46.624Z] info: Server running on http://localhost:3000 in development mode
[2025-05-21T13:20:58.627Z] info: Server running on http://localhost:3000 in development mode
[2025-05-21T13:23:10.291Z] info: Server running on http://localhost:3000 in development mode
[2025-05-21T13:26:40.914Z] info: Server running on http://localhost:3000 in development mode
[2025-05-21T13:27:49.762Z] info: Server running on http://localhost:3000 in development mode
[2025-05-21T13:27:58.859Z] info: Server running on http://localhost:3000 in development mode
[2025-05-21T13:30:14.625Z] info: Server running on http://localhost:3000 in development mode
[2025-05-21T13:30:26.077Z] info: Server running on http://localhost:3000 in development mode
[2025-05-21T13:30:38.794Z] info: Server running on http://localhost:3000 in development mode
[2025-05-21T13:30:55.960Z] info: Server running on http://localhost:3000 in development mode
[2025-05-21T13:30:57.787Z] info: Server running on http://localhost:3000 in development mode
[2025-05-21T13:34:10.047Z] info: Server running on http://localhost:3000 in development mode
[2025-05-21T13:34:16.276Z] info: Server running on http://localhost:3000 in development mode
[2025-05-21T13:34:33.329Z] info: Server running on http://localhost:3000 in development mode
[2025-05-21T13:34:34.376Z] info: Server running on http://localhost:3000 in development mode
[2025-05-21T13:34:37.428Z] info: Server running on http://localhost:3000 in development mode
[2025-05-21T13:34:45.627Z] info: Server running on http://localhost:3000 in development mode
[2025-05-21T13:34:57.452Z] info: Server running on http://localhost:3000 in development mode
[2025-05-21T13:35:03.880Z] info: Server running on http://localhost:3000 in development mode
[2025-05-21T13:35:20.690Z] info: Server running on http://localhost:3000 in development mode
[2025-05-21T13:35:25.147Z] info: Server running on http://localhost:3000 in development mode
[2025-05-21T13:35:38.712Z] info: Server running on http://localhost:3000 in development mode
[2025-05-21T13:35:40.048Z] info: Server running on http://localhost:3000 in development mode
[2025-05-21T13:35:44.385Z] info: Server running on http://localhost:3000 in development mode
[2025-05-21T13:35:57.101Z] info: Server running on http://localhost:3000 in development mode
[2025-05-21T13:36:35.176Z] info: Server running on http://localhost:3000 in development mode
[2025-05-21T13:36:40.252Z] info: Server running on http://localhost:3000 in development mode
[2025-05-21T13:36:42.054Z] info: Server running on http://localhost:3000 in development mode
[2025-05-21T13:36:47.857Z] info: Server running on http://localhost:3000 in development mode
[2025-05-21T13:36:56.427Z] info: Server running on http://localhost:3000 in development mode
[2025-05-21T13:37:02.645Z] info: Server running on http://localhost:3000 in development mode
[2025-05-21T13:38:38.294Z] info: Server running on http://localhost:3000 in development mode
[2025-05-21T13:39:09.737Z] info: Server running on http://localhost:3000 in development mode
[2025-05-21T13:40:24.253Z] info: Server running on http://localhost:3000 in development mode
[2025-05-21T13:40:30.660Z] info: Server running on http://localhost:3000 in development mode
[2025-05-21T13:40:53.173Z] info: Server running on http://localhost:3000 in development mode
[2025-05-21T13:41:22.379Z] info: Server running on http://localhost:3000 in development mode
[2025-05-21T13:41:24.023Z] info: Server running on http://localhost:3000 in development mode
[2025-05-21T13:42:37.442Z] info: Server running on http://localhost:3000 in development mode
[2025-05-21T13:42:41.738Z] info: Server running on http://localhost:3000 in development mode
[2025-05-21T13:42:45.623Z] info: Server running on http://localhost:3000 in development mode
[2025-05-21T13:42:48.350Z] info: Server running on http://localhost:3000 in development mode
[2025-05-21T13:43:02.964Z] info: Server running on http://localhost:3000 in development mode
[2025-05-21T13:43:06.569Z] info: Server running on http://localhost:3000 in development mode
[2025-05-21T13:43:15.662Z] info: Server running on http://localhost:3000 in development mode
[2025-05-21T13:44:06.132Z] info: Server running on http://localhost:3000 in development mode
[2025-05-21T14:07:04.574Z] info: Server running on http://localhost:3000 in development mode
[2025-05-21T14:08:00.028Z] info: Server running on http://localhost:3000 in development mode
[2025-05-21T14:08:03.164Z] info: Server running on http://localhost:3000 in development mode
[2025-05-21T14:08:11.891Z] info: Server running on http://localhost:3000 in development mode
[2025-05-21T14:08:14.742Z] info: Server running on http://localhost:3000 in development mode
[2025-05-21T14:09:03.559Z] info: Server running on http://localhost:3000 in development mode
[2025-05-21T14:09:29.031Z] info: Server running on http://localhost:3000 in development mode
[2025-05-21T14:09:34.230Z] info: Server running on http://localhost:3000 in development mode
[2025-05-21T14:09:47.143Z] info: Server running on http://localhost:3000 in development mode
[2025-05-21T14:09:51.384Z] info: Server running on http://localhost:3000 in development mode
[2025-05-21T14:10:06.993Z] info: Server running on http://localhost:3000 in development mode
[2025-05-21T14:11:32.786Z] info: Server running on http://localhost:3000 in development mode
[2025-05-21T14:11:42.285Z] info: Server running on http://localhost:3000 in development mode
[2025-05-21T14:12:09.826Z] info: Server running on http://localhost:3000 in development mode
[2025-05-21T14:12:43.029Z] info: Server running on http://localhost:3000 in development mode
[2025-05-21T14:13:15.044Z] info: Server running on http://localhost:3000 in development mode
[2025-05-21T14:13:22.555Z] info: Server running on http://localhost:3000 in development mode
[2025-05-21T14:13:30.406Z] info: Server running on http://localhost:3000 in development mode
[2025-05-21T14:13:37.423Z] info: Server running on http://localhost:3000 in development mode
[2025-05-21T14:13:39.937Z] info: Server running on http://localhost:3000 in development mode
[2025-05-21T14:13:57.767Z] info: Server running on http://localhost:3000 in development mode
[2025-05-21T14:18:50.172Z] info: Server running on http://localhost:3000 in development mode
[2025-05-21T14:18:53.922Z] info: Server running on http://localhost:3000 in development mode
[2025-05-21T14:20:46.879Z] info: Server running on http://localhost:3000 in development mode
[2025-05-21T14:22:14.382Z] info: Server running on http://localhost:3000 in development mode
[2025-05-21T14:22:17.016Z] info: Server running on http://localhost:3000 in development mode
[2025-05-21T14:22:41.394Z] info: Server running on http://localhost:3000 in development mode
[2025-05-21T14:22:50.285Z] info: Server running on http://localhost:3000 in development mode
[2025-05-21T14:23:06.262Z] info: Server running on http://localhost:3000 in development mode
[2025-05-21T14:24:26.514Z] info: Server running on http://localhost:3000 in development mode
[2025-05-21T14:24:42.025Z] info: Server running on http://localhost:3000 in development mode
[2025-05-21T14:24:49.210Z] info: Server running on http://localhost:3000 in development mode
[2025-05-21T14:25:00.562Z] info: Server running on http://localhost:3000 in development mode
[2025-05-21T14:25:10.989Z] info: Server running on http://localhost:3000 in development mode
[2025-05-21T14:25:28.010Z] info: Server running on http://localhost:3000 in development mode
[2025-05-21T14:25:57.017Z] info: Server running on http://localhost:3000 in development mode
[2025-05-21T14:26:06.381Z] info: Server running on http://localhost:3000 in development mode
[2025-05-21T14:26:15.420Z] info: Server running on http://localhost:3000 in development mode
[2025-05-21T14:26:16.562Z] info: Server running on http://localhost:3000 in development mode
[2025-05-21T14:27:03.218Z] info: Server running on http://localhost:3000 in development mode
[2025-05-21T14:27:26.431Z] info: Server running on http://localhost:3000 in development mode
[2025-05-21T14:27:57.188Z] info: Server running on http://localhost:3000 in development mode
[2025-05-21T14:28:26.636Z] info: Server running on http://localhost:3000 in development mode
[2025-05-21T14:28:49.392Z] info: Server running on http://localhost:3000 in development mode
[2025-05-21T14:28:50.459Z] info: Server running on http://localhost:3000 in development mode
[2025-05-21T14:28:53.319Z] info: Server running on http://localhost:3000 in development mode
[2025-05-21T14:30:08.851Z] info: Server running on http://localhost:3000 in development mode
[2025-05-21T14:30:17.091Z] info: Server running on http://localhost:3000 in development mode
[2025-05-21T14:30:30.153Z] info: Server running on http://localhost:3000 in development mode
[2025-05-21T14:30:33.436Z] info: Server running on http://localhost:3000 in development mode
[2025-05-21T14:30:41.381Z] info: Server running on http://localhost:3000 in development mode
[2025-05-21T14:30:44.697Z] info: Server running on http://localhost:3000 in development mode
[2025-05-21T14:31:21.266Z] info: Server running on http://localhost:3000 in development mode
[2025-05-21T14:32:00.240Z] info: Server running on http://localhost:3000 in development mode
[2025-05-21T14:36:12.807Z] info: Server running on http://localhost:3000 in development mode
[2025-05-21T14:37:45.256Z] info: Server running on http://localhost:3000 in development mode
[2025-05-21T14:38:28.915Z] info: Server running on http://localhost:3000 in development mode
[2025-05-21T14:39:48.922Z] info: Server running on http://localhost:3000 in development mode
[2025-05-21T14:39:52.974Z] info: Server running on http://localhost:3000 in development mode
[2025-05-21T14:39:56.074Z] info: Server running on http://localhost:3000 in development mode
[2025-05-21T14:40:03.764Z] info: Server running on http://localhost:3000 in development mode
[2025-05-21T14:40:14.871Z] info: Server running on http://localhost:3000 in development mode
[2025-05-21T14:43:18.716Z] info: Server running on http://localhost:3000 in development mode
[2025-05-21T14:43:22.476Z] info: Server running on http://localhost:3000 in development mode
[2025-05-21T14:43:23.592Z] info: Server running on http://localhost:3000 in development mode
[2025-05-21T14:43:32.189Z] info: Server running on http://localhost:3000 in development mode
[2025-05-21T14:43:40.398Z] info: Server running on http://localhost:3000 in development mode
[2025-05-21T14:43:43.350Z] info: Server running on http://localhost:3000 in development mode
[2025-05-21T14:43:45.751Z] info: Server running on http://localhost:3000 in development mode
[2025-05-21T14:43:52.362Z] info: Server running on http://localhost:3000 in development mode
[2025-05-21T14:44:17.947Z] info: Server running on http://localhost:3000 in development mode
[2025-05-21T14:44:21.339Z] info: Server running on http://localhost:3000 in development mode
[2025-05-21T14:45:46.446Z] info: Server running on http://localhost:3000 in development mode
[2025-05-21T14:45:57.689Z] info: Server running on http://localhost:3000 in development mode
[2025-05-21T14:46:27.064Z] info: Server running on http://localhost:3000 in development mode
[2025-05-21T14:46:31.535Z] info: Server running on http://localhost:3000 in development mode
[2025-05-21T14:46:45.836Z] info: Server running on http://localhost:3000 in development mode
[2025-05-21T14:46:54.252Z] info: Server running on http://localhost:3000 in development mode
[2025-05-21T14:46:57.187Z] info: Server running on http://localhost:3000 in development mode
[2025-05-21T14:47:24.277Z] info: Server running on http://localhost:3000 in development mode
[2025-05-21T14:48:39.687Z] info: Server running on http://localhost:3000 in development mode
[2025-05-21T14:48:42.157Z] info: Server running on http://localhost:3000 in development mode
[2025-05-21T14:53:11.916Z] info: Server running on http://localhost:3000 in development mode
[2025-05-21T14:53:20.019Z] info: Server running on http://localhost:3000 in development mode
[2025-05-21T14:53:35.363Z] info: Server running on http://localhost:3000 in development mode
[2025-05-21T14:53:41.819Z] info: Server running on http://localhost:3000 in development mode
[2025-05-21T14:53:46.183Z] info: Server running on http://localhost:3000 in development mode
[2025-05-21T14:54:17.482Z] info: Server running on http://localhost:3000 in development mode
[2025-05-21T14:54:30.374Z] info: Server running on http://localhost:3000 in development mode
[2025-05-21T14:54:34.653Z] info: Server running on http://localhost:3000 in development mode
[2025-05-21T14:54:43.988Z] info: Server running on http://localhost:3000 in development mode
[2025-05-21T14:55:11.110Z] info: Server running on http://localhost:3000 in development mode
[2025-05-21T14:56:00.791Z] info: Server running on http://localhost:3000 in development mode
[2025-05-21T14:56:07.244Z] info: Server running on http://localhost:3000 in development mode
[2025-05-21T14:56:08.489Z] info: Server running on http://localhost:3000 in development mode
[2025-05-21T14:56:10.666Z] info: Server running on http://localhost:3000 in development mode
[2025-05-21T14:56:22.316Z] info: Server running on http://localhost:3000 in development mode
[2025-05-21T14:56:39.082Z] info: Server running on http://localhost:3000 in development mode
[2025-05-21T14:57:12.098Z] info: Server running on http://localhost:3000 in development mode
[2025-05-21T14:57:14.187Z] info: Server running on http://localhost:3000 in development mode
[2025-05-21T14:57:32.358Z] info: Server running on http://localhost:3000 in development mode
[2025-05-21T14:59:05.200Z] info: Server running on http://localhost:3000 in development mode
[2025-05-21T15:01:08.563Z] info: Server running on http://localhost:3000 in development mode
[2025-05-21T15:01:13.872Z] info: Server running on http://localhost:3000 in development mode
[2025-05-21T15:02:21.202Z] info: Server running on http://localhost:3000 in development mode
[2025-05-21T15:02:29.927Z] info: Server running on http://localhost:3000 in development mode
[2025-05-21T15:02:38.123Z] info: Server running on http://localhost:3000 in development mode
[2025-05-21T15:02:42.912Z] info: Server running on http://localhost:3000 in development mode
[2025-05-21T15:04:34.476Z] info: Server running on http://localhost:3000 in development mode
[2025-05-21T15:04:34.523Z] info: Database synced
[2025-05-21T15:04:41.668Z] info: Server running on http://localhost:3000 in development mode
[2025-05-21T15:04:41.714Z] info: Database synced
[2025-05-21T15:04:43.262Z] info: Server running on http://localhost:3000 in development mode
[2025-05-21T15:04:43.313Z] info: Database synced
[2025-05-21T15:04:45.138Z] info: Server running on http://localhost:3000 in development mode
[2025-05-21T15:04:45.191Z] info: Database synced
[2025-05-21T15:04:58.305Z] info: Server running on http://localhost:3000 in development mode
[2025-05-21T15:04:58.356Z] info: Database synced
[2025-05-21T15:05:00.996Z] info: Server running on http://localhost:3000 in development mode
[2025-05-21T15:05:01.054Z] info: Database synced
[2025-05-21T15:05:18.708Z] info: Server running on http://localhost:3000 in development mode
[2025-05-21T15:05:18.760Z] info: Database synced
[2025-05-21T15:05:20.139Z] info: Server running on http://localhost:3000 in development mode
[2025-05-21T15:05:20.188Z] info: Database synced
[2025-05-21T15:06:30.781Z] info: Server running on http://localhost:3000 in development mode
[2025-05-21T15:06:30.832Z] info: Database synced with alter
[2025-05-21T15:06:37.885Z] info: Server running on http://localhost:3000 in development mode
[2025-05-21T15:06:37.934Z] info: Database synced with alter
[2025-05-21T15:06:53.758Z] info: Server running on http://localhost:3000 in development mode
[2025-05-21T15:06:53.807Z] info: Database synced with alter
[2025-05-21T15:07:34.890Z] info: Server running in development mode on port 3000
[2025-05-21T15:07:34.938Z] info: Database synced with alter
[2025-05-21T15:08:26.183Z] info: Server running in development mode on port 3000
[2025-05-21T15:08:26.240Z] info: Database synced with alter
[2025-05-21T15:09:13.265Z] info: Server running in development mode at http://localhost
[2025-05-21T15:09:13.318Z] info: Database synced with alter
[2025-05-21T15:09:27.227Z] info: Server running in development mode at http://localhost
[2025-05-21T15:09:27.280Z] info: Database synced with alter
[2025-05-21T15:09:49.624Z] info: Server running in development mode at http://localhost
[2025-05-21T15:09:49.675Z] info: Database synced with alter
[2025-05-21T15:09:59.631Z] info: Server running in development mode at http://localhost
[2025-05-21T15:09:59.678Z] info: Database synced with alter
[2025-05-21T15:15:39.353Z] info: Server running in development mode at http://localhost
[2025-05-21T15:15:40.354Z] info: Server running in development mode at http://localhost
[2025-05-21T15:15:40.403Z] info: Database synced with alter
[2025-05-21T15:16:26.741Z] info: Server running in development mode at http://localhost
[2025-05-21T15:16:26.791Z] info: Database synced with alter
[2025-05-21T15:17:21.356Z] info: Server running in development mode at http://localhost
[2025-05-21T15:17:21.413Z] info: Database synced with alter
[2025-05-21T15:17:25.264Z] info: Server running in development mode at http://localhost
[2025-05-21T15:17:25.312Z] info: Database synced with alter
[2025-05-21T15:17:42.651Z] info: Server running in development mode at http://localhost
[2025-05-21T15:17:42.706Z] info: Database synced with alter
[2025-05-21T15:17:49.812Z] info: Server running in development mode at http://localhost
[2025-05-21T15:17:49.863Z] info: Database synced with alter
[2025-05-21T15:18:22.712Z] info: Server running in development mode at http://localhost
[2025-05-21T15:18:22.763Z] info: Database synced with alter
[2025-05-21T15:18:24.935Z] info: Server running in development mode at http://localhost
[2025-05-21T15:18:24.985Z] info: Database synced with alter
[2025-05-21T15:18:26.215Z] info: Server running in development mode at http://localhost
[2025-05-21T15:18:26.265Z] info: Database synced with alter
[2025-05-21T15:18:28.199Z] info: Server running in development mode at http://localhost
[2025-05-21T15:18:28.249Z] info: Database synced with alter
[2025-05-21T15:18:29.484Z] info: Server running in development mode at http://localhost
[2025-05-21T15:18:29.537Z] info: Database synced with alter
[2025-05-21T15:18:31.897Z] info: Server running in development mode at http://localhost
[2025-05-21T15:18:31.946Z] info: Database synced with alter
[2025-05-21T15:18:34.279Z] info: Server running in development mode at http://localhost
[2025-05-21T15:18:34.329Z] info: Database synced with alter
[2025-05-21T15:18:40.942Z] info: Server running in development mode at http://localhost
[2025-05-21T15:18:40.988Z] info: Database synced with alter
[2025-05-21T15:18:49.383Z] info: Server running in development mode at http://localhost
[2025-05-21T15:18:49.430Z] info: Database synced with alter
[2025-05-21T15:18:52.911Z] info: Server running in development mode at http://localhost
[2025-05-21T15:18:52.971Z] info: Database synced with alter
[2025-05-21T15:19:01.067Z] info: Server running in development mode at http://localhost
[2025-05-21T15:19:01.120Z] info: Database synced with alter
[2025-05-21T15:19:20.200Z] info: Server running in development mode at http://localhost
[2025-05-21T15:19:20.252Z] info: Database synced with alter
[2025-05-21T15:19:28.921Z] info: Server running in development mode at http://localhost
[2025-05-21T15:19:28.969Z] info: Database synced with alter
[2025-05-21T15:20:00.777Z] info: Server running in development mode at http://localhost
[2025-05-21T15:20:00.829Z] info: Database synced with alter
[2025-05-21T15:22:15.986Z] info: Server running in development mode at http://localhost
[2025-05-21T15:22:16.033Z] info: Database synced with alter
[2025-05-21T15:22:24.536Z] info: Server running in development mode at http://localhost
[2025-05-21T15:22:24.594Z] info: Database synced with alter
[2025-05-21T15:22:33.290Z] info: Server running in development mode at http://localhost
[2025-05-21T15:22:33.339Z] info: Database synced with alter
[2025-05-21T15:22:59.930Z] info: Server running in development mode at http://localhost
[2025-05-21T15:22:59.980Z] info: Database synced with alter
[2025-05-21T15:23:05.115Z] info: Server running in development mode at http://localhost
[2025-05-21T15:23:05.167Z] info: Database synced with alter
[2025-05-21T15:23:26.118Z] info: Server running in development mode at http://localhost
[2025-05-21T15:23:26.169Z] info: Database synced with alter
[2025-05-21T15:23:49.291Z] info: Server running in development mode at http://localhost
[2025-05-21T15:23:49.339Z] info: Database synced with alter
[2025-05-21T15:23:59.603Z] info: Server running in development mode at http://localhost
[2025-05-21T15:23:59.656Z] info: Database synced with alter
[2025-05-21T15:24:07.105Z] info: Server running in development mode at http://localhost
[2025-05-21T15:24:07.158Z] info: Database synced with alter
[2025-05-21T15:24:18.840Z] info: Server running in development mode at http://localhost
[2025-05-21T15:24:18.904Z] info: Database synced with alter
[2025-05-21T15:26:50.427Z] info: Server running in development mode at http://localhost
[2025-05-21T15:26:50.482Z] info: Database synced with alter
[2025-05-21T15:26:53.536Z] info: Server running in development mode at http://localhost
[2025-05-21T15:26:53.587Z] info: Database synced with alter
[2025-05-21T15:27:09.589Z] info: Server running in development mode at http://localhost
[2025-05-21T15:27:09.641Z] info: Database synced with alter
[2025-05-21T15:27:12.793Z] info: Server running in development mode at http://localhost
[2025-05-21T15:27:12.844Z] info: Database synced with alter
[2025-05-21T15:27:19.372Z] info: Server running in development mode at http://localhost
[2025-05-21T15:27:19.424Z] info: Database synced with alter
[2025-05-21T15:27:20.581Z] info: Server running in development mode at http://localhost
[2025-05-21T15:27:20.634Z] info: Database synced with alter
[2025-05-21T15:32:54.523Z] info: Server running in development mode at http://localhost
[2025-05-21T15:32:54.574Z] info: Database synced with alter
[2025-05-21T15:34:13.117Z] info: Server running in development mode at http://localhost
[2025-05-21T15:34:13.164Z] info: Database synced with alter
[2025-05-21T15:37:34.629Z] info: Server running in development mode at http://localhost
[2025-05-21T15:37:34.685Z] info: Database synced with alter
[2025-05-21T15:37:36.691Z] info: Server running in development mode at http://localhost
[2025-05-21T15:37:36.752Z] info: Database synced with alter
[2025-05-21T15:38:01.029Z] info: Server running in development mode at http://localhost
[2025-05-21T15:38:01.090Z] info: Database synced with alter
[2025-05-21T15:38:07.443Z] info: Server running in development mode at http://localhost
[2025-05-21T15:38:07.495Z] info: Database synced with alter
[2025-05-21T15:38:09.085Z] info: Server running in development mode at http://localhost
[2025-05-21T15:38:09.135Z] info: Database synced with alter
[2025-05-21T15:38:18.622Z] info: Server running in development mode at http://localhost
[2025-05-21T15:38:18.677Z] info: Database synced with alter
[2025-05-21T15:38:20.823Z] info: Server running in development mode at http://localhost
[2025-05-21T15:38:20.898Z] info: Database synced with alter
[2025-05-21T15:39:38.494Z] info: Server running in development mode at http://localhost
[2025-05-21T15:39:38.543Z] info: Database synced with alter
[2025-05-21T15:41:56.066Z] info: Server running in development mode at http://localhost
[2025-05-21T15:41:56.113Z] info: Database synced with alter
[2025-05-21T15:42:44.120Z] info: Server running in development mode at http://localhost
[2025-05-21T15:42:44.173Z] info: Database synced with alter
[2025-05-21T15:42:53.303Z] info: Server running in development mode at http://localhost
[2025-05-21T15:42:53.353Z] info: Database synced with alter
[2025-05-21T15:43:11.345Z] info: Server running in development mode at http://localhost
[2025-05-21T15:43:11.395Z] info: Database synced with alter
[2025-05-21T15:43:14.002Z] info: Server running in development mode at http://localhost
[2025-05-21T15:43:14.051Z] info: Database synced with alter
[2025-05-21T15:43:32.421Z] info: Server running in development mode at http://localhost
[2025-05-21T15:43:32.473Z] info: Database synced with alter
[2025-05-21T15:43:35.873Z] info: Server running in development mode at http://localhost
[2025-05-21T15:43:35.926Z] info: Database synced with alter
[2025-05-21T15:43:53.101Z] info: Server running in development mode at http://localhost
[2025-05-21T15:43:53.152Z] info: Database synced with alter
[2025-05-21T15:43:57.335Z] info: Server running in development mode at http://localhost
[2025-05-21T15:43:57.387Z] info: Database synced with alter
[2025-05-21T15:44:08.279Z] info: Server running in development mode at http://localhost
[2025-05-21T15:44:08.329Z] info: Database synced with alter
[2025-05-21T15:44:17.229Z] info: Server running in development mode at http://localhost
[2025-05-21T15:44:17.278Z] info: Database synced with alter
[2025-05-21T15:45:14.374Z] info: Server running in development mode at http://localhost
[2025-05-21T15:45:14.425Z] info: Database synced with alter
[2025-05-21T15:45:21.334Z] info: Server running in development mode at http://localhost
[2025-05-21T15:45:21.393Z] info: Database synced with alter
[2025-05-21T15:45:27.251Z] info: Server running in development mode at http://localhost
[2025-05-21T15:45:27.300Z] info: Database synced with alter
[2025-05-21T15:45:47.392Z] info: Server running in development mode at http://localhost
[2025-05-21T15:45:47.466Z] info: Database synced with alter
[2025-05-21T15:46:30.634Z] info: Server running in development mode at http://localhost
[2025-05-21T15:46:30.681Z] info: Database synced with alter
[2025-05-21T15:46:49.022Z] info: Server running in development mode at http://localhost
[2025-05-21T15:46:49.070Z] info: Database synced with alter
[2025-05-21T15:46:50.936Z] info: Server running in development mode at http://localhost
[2025-05-21T15:46:50.987Z] info: Database synced with alter
[2025-05-21T15:47:00.588Z] info: Server running in development mode at http://localhost
[2025-05-21T15:47:00.639Z] info: Database synced with alter
[2025-05-21T15:47:05.442Z] info: Server running in development mode at http://localhost
[2025-05-21T15:47:05.491Z] info: Database synced with alter
[2025-05-21T15:47:17.672Z] info: Server running in development mode at http://localhost
[2025-05-21T15:47:17.718Z] info: Database synced with alter
[2025-05-21T15:47:18.990Z] info: Server running in development mode at http://localhost
[2025-05-21T15:47:19.040Z] info: Database synced with alter
[2025-05-21T15:47:28.369Z] info: Server running in development mode at http://localhost
[2025-05-21T15:47:28.490Z] info: Database synced with alter
[2025-05-21T15:47:30.359Z] info: Server running in development mode at http://localhost
[2025-05-21T15:47:30.405Z] info: Database synced with alter
[2025-05-21T15:47:33.994Z] info: Server running in development mode at http://localhost
[2025-05-21T15:47:34.044Z] info: Database synced with alter
[2025-05-21T15:47:55.575Z] info: Server running in development mode at http://localhost
[2025-05-21T15:47:55.623Z] info: Database synced with alter
[2025-05-21T15:48:35.695Z] info: Server running in development mode at http://localhost
[2025-05-21T15:48:35.748Z] info: Database synced with alter
[2025-05-21T15:48:40.621Z] info: Server running in development mode at http://localhost
[2025-05-21T15:48:40.670Z] info: Database synced with alter
[2025-05-21T15:51:09.787Z] info: Server running in development mode at http://localhost
[2025-05-21T15:51:09.836Z] info: Database synced with alter
[2025-05-21T15:54:18.840Z] info: Server running in development mode at http://localhost
[2025-05-21T15:54:18.889Z] info: Database synced with alter
[2025-05-21T15:54:20.529Z] info: Server running in development mode at http://localhost
[2025-05-21T15:54:20.592Z] info: Database synced with alter
[2025-05-21T15:54:38.753Z] info: Server running in development mode at http://localhost
[2025-05-21T15:54:38.800Z] info: Database synced with alter
[2025-05-21T15:59:55.371Z] info: Server running in development mode at http://localhost
[2025-05-21T15:59:55.424Z] info: Database synced with alter
[2025-05-21T16:00:30.456Z] info: Server running in development mode at http://localhost
[2025-05-21T16:00:30.507Z] info: Database synced with alter
[2025-05-21T16:00:34.870Z] info: Server running in development mode at http://localhost
[2025-05-21T16:00:34.915Z] info: Database synced with alter
[2025-05-21T16:00:44.398Z] info: Server running in development mode at http://localhost
[2025-05-21T16:00:44.440Z] info: Database synced with alter
[2025-05-21T16:01:46.731Z] info: Server running in development mode at http://localhost
[2025-05-21T16:01:46.776Z] info: Database synced with alter
[2025-05-21T16:01:55.202Z] info: Server running in development mode at http://localhost
[2025-05-21T16:01:55.269Z] info: Database synced with alter
[2025-05-21T16:01:58.588Z] info: Server running in development mode at http://localhost
[2025-05-21T16:01:58.637Z] info: Database synced with alter
[2025-05-21T16:01:59.787Z] info: Server running in development mode at http://localhost
[2025-05-21T16:01:59.834Z] info: Database synced with alter
[2025-05-21T16:02:06.404Z] info: Server running in development mode at http://localhost
[2025-05-21T16:02:06.458Z] info: Database synced with alter
[2025-05-21T16:02:19.052Z] info: Server running in development mode at http://localhost
[2025-05-21T16:02:19.101Z] info: Database synced with alter
[2025-05-21T16:33:00.810Z] info: Server running in development mode at http://localhost
[2025-05-21T16:33:00.860Z] info: Database synced with alter
[2025-05-21T16:33:03.259Z] info: Server running in development mode at http://localhost
[2025-05-21T16:33:03.312Z] info: Database synced with alter
[2025-05-21T16:34:03.998Z] info: Server running in development mode at http://localhost
[2025-05-21T16:34:04.052Z] info: Database synced with alter
[2025-05-21T16:34:10.648Z] info: Server running in development mode at http://localhost
[2025-05-21T16:34:10.700Z] info: Database synced with alter
[2025-05-21T16:34:19.573Z] info: Server running in development mode at http://localhost
[2025-05-21T16:34:19.632Z] info: Database synced with alter
[2025-05-21T16:34:22.346Z] info: Server running in development mode at http://localhost
[2025-05-21T16:34:22.400Z] info: Database synced with alter
[2025-05-21T16:36:32.711Z] info: Server running in development mode at http://localhost
[2025-05-21T16:36:32.763Z] info: Database synced with alter
[2025-05-21T16:37:23.430Z] info: Server running in development mode at http://localhost
[2025-05-21T16:37:23.488Z] info: Database synced with alter
[2025-05-21T16:37:29.512Z] info: Server running in development mode at http://localhost
[2025-05-21T16:37:29.574Z] info: Database synced with alter
[2025-05-21T16:37:33.636Z] info: Server running in development mode at http://localhost
[2025-05-21T16:37:33.687Z] info: Database synced with alter
[2025-05-21T16:37:36.547Z] info: Server running in development mode at http://localhost
[2025-05-21T16:37:36.597Z] info: Database synced with alter
[2025-05-21T16:37:41.096Z] info: Server running in development mode at http://localhost
[2025-05-21T16:37:41.156Z] info: Database synced with alter
[2025-05-21T16:39:08.868Z] info: Server running in development mode at http://localhost
[2025-05-21T16:39:08.935Z] info: Database synced with alter
[2025-05-21T16:46:21.319Z] info: Server running in development mode at http://localhost
[2025-05-21T16:46:21.374Z] info: Database synced with alter
[2025-05-21T16:46:30.998Z] info: Server running in development mode at http://localhost
[2025-05-21T16:46:31.051Z] info: Database synced with alter
[2025-05-21T16:46:39.490Z] info: Server running in development mode at http://localhost
[2025-05-21T16:46:39.539Z] info: Database synced with alter
[2025-05-21T16:57:13.944Z] info: Server running in development mode at http://localhost
[2025-05-21T16:57:14.152Z] info: Database synced with alter
